<?xml version="1.0" encoding="UTF-8"?>
<!-- Generated by org.testng.reporters.JUnitReportReporter -->
<testsuite hostname="SriniRepala" failures="0" tests="1" name="com.securitEase.api.test.ApiSchemaValidationTest" time="2.831" errors="0" timestamp="2025-10-06T21:00:04 SAST" skipped="0">
  <testcase classname="com.securitEase.api.test.ApiSchemaValidationTest" name="validateCountrySchema" time="2.831"/>
  <system-out>
    <![CDATA[<b>API Response:</b><br><pre>{
    "message": "'fields' query not specified",
    "status": 400
}</pre>
<b>Schema Validation:</b> ✅ PASSED]]>
  </system-out>
</testsuite> <!-- com.securitEase.api.test.ApiSchemaValidationTest -->
