<?xml version="1.0" encoding="UTF-8"?>
<!-- Generated by org.testng.reporters.JUnitXMLReporter -->
<testsuite ignored="0" hostname="SriniRepala" failures="1" tests="3" name="Test" time="19.506" errors="0" timestamp="2025-10-06T18:16:14 SAST">
  <testcase classname="com.securitEase.api.test.CountryCountTest" name="validateNumberOfCountries" time="13.616"/>
  <testcase classname="com.securitEase.api.test.CountryLanguagesTest" name="validateSouthAfricanSignLanguageRecognition" time="4.12">
    <failure type="java.lang.AssertionError" message="Expected South African Sign Language (SASL) to be listed as one of South Africa’s official languages. expected [true] but found [false]">
      <![CDATA[java.lang.AssertionError: Expected South African Sign Language (SASL) to be listed as one of South Africa’s official languages. expected [true] but found [false]
at com.securitEase.api.test.CountryLanguagesTest.validateSouthAfricanSignLanguageRecognition(CountryLanguagesTest.java:63)
at java.base/java.util.ArrayList.forEach(ArrayList.java:1511)
... Removed 28 stack frames]]>
    </failure>
  </testcase> <!-- validateSouthAfricanSignLanguageRecognition -->
  <testcase classname="com.securitEase.api.test.ApiSchemaValidationTest" name="validateCountrySchema" time="1.724"/>
</testsuite> <!-- Test -->
