<?xml version="1.0" encoding="UTF-8"?>
<testng-results ignored="0" total="1" passed="1" failed="0" skipped="0">
  <reporter-output>
    <line>
      <![CDATA[<b>API Response:</b><br><pre>{
    "message": "'fields' query not specified",
    "status": 400
}</pre>]]>
    </line>
    <line>
      <![CDATA[<b>Schema Validation:</b> ✅ PASSED]]>
    </line>
  </reporter-output>
  <suite started-at="2025-10-06T21:00:01 SAST" name="Default suite" finished-at="2025-10-06T21:00:04 SAST" duration-ms="2858">
    <groups>
    </groups>
    <test started-at="2025-10-06T21:00:01 SAST" name="Default test" finished-at="2025-10-06T21:00:04 SAST" duration-ms="2858">
      <class name="com.securitEase.api.test.ApiSchemaValidationTest">
        <test-method is-config="true" signature="setUp()[pri:0, instance:com.securitEase.api.test.ApiSchemaValidationTest@1046d517]" started-at="2025-10-06T21:00:01 SAST" name="setUp" finished-at="2025-10-06T21:00:01 SAST" duration-ms="7" status="PASS">
          <reporter-output>
          </reporter-output>
        </test-method> <!-- setUp -->
        <test-method signature="validateCountrySchema()[pri:0, instance:com.securitEase.api.test.ApiSchemaValidationTest@1046d517]" started-at="2025-10-06T21:00:01 SAST" name="validateCountrySchema" finished-at="2025-10-06T21:00:04 SAST" duration-ms="2831" status="PASS">
          <reporter-output>
            <line>
              <![CDATA[<b>API Response:</b><br><pre>{
    "message": "'fields' query not specified",
    "status": 400
}</pre>]]>
            </line>
            <line>
              <![CDATA[<b>Schema Validation:</b> ✅ PASSED]]>
            </line>
          </reporter-output>
        </test-method> <!-- validateCountrySchema -->
      </class> <!-- com.securitEase.api.test.ApiSchemaValidationTest -->
    </test> <!-- Default test -->
  </suite> <!-- Default suite -->
</testng-results>
